1707890401544:hi
1707891773167:ifconfig
1707891778495:ping
1707892089539:exit
1707895795701:help
1707895803968:network dashboard
1707895954214:quickmac
1707895963724:quickmac network
1707895978947:quickmac -network
1707896437081:help
1707896440306:quickmac
1707896447373:quickmac --network
1707896550425:help
1707896553710:quickmac
1707896559546:quickmac --network
1707896567510:quickmac --apps
1707896709992:help
1707896718197:quickmac
1707896724602:quickmac --network
1707896728474:quickmac --apps
1707896733275:exit
1707982583280:help
1707982599195:quickmac --network
1707983537565:help
1707985136862:quickmac
1707985192456:stacktrace
1707985505948:quickmac
1707986216179:help
1707986222584:component single
1707986238364:help
1707986242866:component
1707986268349:stac
1707986272161:stacktrace
1707986473480:help
1707986476284:component
1707986649344:help
1707986652553:component
1707986657848:quickmac
1707988476553:help
1707988479105:quickmac
1707989900535:help
1708497059296:wifi
1708497064321:exit
1708497079283:wifi
1710149229291:speed-test
1710154995524:help
1710154999282:speed-test
1711520614346:wifi
1712134149329:dns
1712397569654:network-usage
1712408932924:network-uage
1712408939819:network-usage
1712409248021:network-uage
1712409255165:network-usage
1712469164754:help
1712469166519:cpu
1712470913358:stacktrace
1712502798562:sys-info
